  main.cpp
E:\VS2022\Cache\VC\Tools\MSVC\14.32.31326\include\xstddef(117,22): error C2676: 二进制“<”:“const _Ty”不定义该运算符或到预定义运算符可接收的类型的转换
          with
          [
              _Ty=stu
          ]
E:\VS2022\Cache\VC\Tools\MSVC\14.32.31326\include\xstddef(116): message : 在编译 类 模板 成员函数“bool std::less<stu>::operator ()(const _Ty &,const _Ty &) const”时
          with
          [
              _Ty=stu
          ]
E:\VS2022\Cache\VC\Tools\MSVC\14.32.31326\include\xutility(1453): message : 查看对正在编译的函数 模板 实例化“bool std::less<stu>::operator ()(const _Ty &,const _Ty &) const”的引用
          with
          [
              _Ty=stu
          ]
E:\VS2022\Cache\VC\Tools\MSVC\14.32.31326\include\xmemory(1360): message : 查看对正在编译的 类 模板 实例化“std::less<stu>”的引用
E:\VS2022\Cache\VC\Tools\MSVC\14.32.31326\include\xmemory(1360): message : 查看指向正在编译的变量模板“const bool is_empty_v<std::less<stu> >”的引用
E:\VS2022\Cache\VC\Tools\MSVC\14.32.31326\include\map(73): message : 查看对正在编译的 类 模板 实例化“std::_Tree<std::_Tmap_traits<_Kty,_Ty,_Pr,_Alloc,false>>”的引用
          with
          [
              _Kty=stu,
              _Ty=stu,
              _Pr=std::less<stu>,
              _Alloc=std::allocator<std::pair<const stu,stu>>
          ]
G:\c++\CppPrimer\sort\unionSet.h(23): message : 查看对正在编译的 类 模板 实例化“std::map<stu,stu,std::less<stu>,std::allocator<std::pair<const stu,stu>>>”的引用
