g:\c++\cppprimer\7th_class\x64\debug\vc143.pdb
g:\c++\cppprimer\7th_class\x64\debug\vc143.idb
g:\c++\cppprimer\7th_class\x64\debug\sales_data.obj
g:\c++\cppprimer\7th_class\x64\debug\main.obj
g:\c++\cppprimer\7th_class\x64\debug\screen.obj
g:\c++\cppprimer\7th_class\x64\debug\7th_class.pdb
g:\c++\cppprimer\7th_class\x64\debug\7th_class.tlog\cl.command.1.tlog
g:\c++\cppprimer\7th_class\x64\debug\7th_class.tlog\cl.read.1.tlog
g:\c++\cppprimer\7th_class\x64\debug\7th_class.tlog\cl.write.1.tlog
g:\c++\cppprimer\7th_class\x64\debug\7th_class.tlog\link-cvtres.read.1.tlog
g:\c++\cppprimer\7th_class\x64\debug\7th_class.tlog\link-cvtres.write.1.tlog
g:\c++\cppprimer\7th_class\x64\debug\7th_class.tlog\link-rc.read.1.tlog
g:\c++\cppprimer\7th_class\x64\debug\7th_class.tlog\link-rc.write.1.tlog
g:\c++\cppprimer\7th_class\x64\debug\7th_class.tlog\link.18076-cvtres.read.1.tlog
g:\c++\cppprimer\7th_class\x64\debug\7th_class.tlog\link.18076-cvtres.write.1.tlog
g:\c++\cppprimer\7th_class\x64\debug\7th_class.tlog\link.18076-rc.read.1.tlog
g:\c++\cppprimer\7th_class\x64\debug\7th_class.tlog\link.18076-rc.write.1.tlog
g:\c++\cppprimer\7th_class\x64\debug\7th_class.tlog\link.18076.read.1.tlog
g:\c++\cppprimer\7th_class\x64\debug\7th_class.tlog\link.18076.read.2.tlog
g:\c++\cppprimer\7th_class\x64\debug\7th_class.tlog\link.18076.write.1.tlog
g:\c++\cppprimer\7th_class\x64\debug\7th_class.tlog\link.command.1.tlog
g:\c++\cppprimer\7th_class\x64\debug\7th_class.tlog\link.read.1.tlog
g:\c++\cppprimer\7th_class\x64\debug\7th_class.tlog\link.read.2.tlog
g:\c++\cppprimer\7th_class\x64\debug\7th_class.tlog\link.write.1.tlog
